<?xml version="1.0" encoding="UTF-8"?>
<Site BuildName="(empty)"
	BuildStamp="20241029-2340-Experimental"
	Name="labMGJSX0"
	Generator="ctest-3.22.1"
	CompilerName="/usr/bin/c++"
	CompilerVersion="11.4.0"
	OSName="Linux"
	Hostname="labMGJSX0"
	OSRelease="6.8.0-1015-azure"
	OSVersion="#17~22.04.2-Ubuntu SMP Sat Oct  5 16:32:09 UTC 2024"
	OSPlatform="x86_64"
	Is64Bits="1"
	VendorString="GenuineIntel"
	VendorID="Intel Corporation"
	FamilyID="6"
	ModelID="85"
	ProcessorCacheSize="36608"
	NumberOfLogicalCPU="8"
	NumberOfPhysicalCPU="4"
	TotalVirtualMemory="0"
	TotalPhysicalMemory="15988"
	LogicalProcessorsPerPhysical="2"
	ProcessorClockFrequency="2593.91"
	>
	<Testing>
		<StartDateTime>Oct 29 23:40 UTC</StartDateTime>
		<StartTestTime>1730245213</StartTestTime>
		<TestList/>
		<EndDateTime>Oct 29 23:40 UTC</EndDateTime>
		<EndTestTime>1730245213</EndTestTime>
		<ElapsedMinutes>0</ElapsedMinutes>
	</Testing>
</Site>
